<?xml version="1.0" encoding="UTF-8"?>
<testsuite xmlns:xsi="http://www.w3.org/2001/XMLSchema-instance" xsi:noNamespaceSchemaLocation="https://maven.apache.org/surefire/maven-surefire-plugin/xsd/surefire-test-report-3.0.xsd" version="3.0" name="Runner.ExcelLoginRunner" time="15.853" tests="1" errors="0" skipped="0" failures="0">
  <properties>
[...]
</properties>
  <testcase name="runScenario[&quot;Login using Excel data&quot;, &quot;Login with multiple Excel inputs&quot;](1)" classname="Runner.ExcelLoginRunner" time="12.746">
    <system-out><![CDATA[2025-11-24 18:39:56 [main] INFO  Runner.ExcelLoginRunner - Excel data loaded successfully. Rows: 2

Scenario: Login using Excel data                    # src/test/resources/Feature/LoginUsingExcel.feature:3
2025-11-24 18:39:57 [main] INFO  StepDefinitions.Hooks - Initializing chrome browser from config file
2025-11-24 18:39:57 [main] INFO  io.github.bonigarcia.wdm.WebDriverManager - Using chromedriver 142.0.7444.175 (resolved driver for Chrome 142)
2025-11-24 18:39:58 [main] INFO  io.github.bonigarcia.wdm.WebDriverManager - Exporting webdriver.chrome.driver as C:\Users\shrut\.cache\selenium\chromedriver\win64\142.0.7444.175\chromedriver.exe
2025-11-24 18:39:59 [main] INFO  StepDefinitions.Hooks - Browser initialized successfully
  Given user launches the browser                   # StepDefinitions.LoginStepDefinitionsExcelData.user_launches_the_browser()
  When user enters username and password from Excel # StepDefinitions.LoginStepDefinitionsExcelData.user_enters_username_and_password_from_excel()
2025-11-24 18:40:09 [main] INFO  StepDefinitions.LoginStepDefinitionsExcelData - User login completed successfully
  Then user should be logged in successfully        # StepDefinitions.LoginStepDefinitionsExcelData.user_should_be_logged_in_successfully()
2025-11-24 18:40:09 [main] INFO  StepDefinitions.Hooks - Scenario passed: Login using Excel data
2025-11-24 18:40:09 [main] INFO  StepDefinitions.Hooks - Browser closed successfully
]]></system-out>
    <system-err><![CDATA[Nov 24, 2025 6:39:59 PM org.openqa.selenium.devtools.CdpVersionFinder findNearestMatch
WARNING: Unable to find CDP implementation matching 142
Nov 24, 2025 6:39:59 PM org.openqa.selenium.chromium.ChromiumDriver lambda$new$5
WARNING: Unable to find version of CDP to use for 142.0.7444.60. You may need to include a dependency on a specific version of the CDP using something similar to `org.seleniumhq.selenium:selenium-devtools-v86:4.25.0` where the version ("v86") matches the version of the chromium-based browser you're using and the version number of the artifact is the same as Selenium's.
]]></system-err>
  </testcase>
</testsuite>