<?xml version="1.0" encoding="UTF-8"?>
<testng-results ignored="0" total="1" passed="1" failed="0" skipped="0">
  <reporter-output>
  </reporter-output>
  <suite started-at="2025-11-24T18:39:56 IST" name="Surefire suite" finished-at="2025-11-24T18:40:10 IST" duration-ms="13522">
    <groups>
      <group name="cucumber">
        <method signature="AbstractTestNGCucumberTests.runScenario(io.cucumber.testng.PickleWrapper,io.cucumber.testng.FeatureWrapper)[pri:0, instance:Runner.ExcelLoginRunner@889d9e8]" name="runScenario" class="io.cucumber.testng.AbstractTestNGCucumberTests"/>
      </group> <!-- cucumber -->
    </groups>
    <test started-at="2025-11-24T18:39:56 IST" name="Surefire test" finished-at="2025-11-24T18:40:10 IST" duration-ms="13522">
      <class name="Runner.ExcelLoginRunner">
        <test-method is-config="true" signature="setUpClass(org.testng.ITestContext)[pri:0, instance:Runner.ExcelLoginRunner@889d9e8]" started-at="2025-11-24T18:39:56 IST" name="setUpClass" finished-at="2025-11-24T18:39:57 IST" duration-ms="600" status="PASS">
          <params>
            <param index="0">
              <value>
                <![CDATA[org.testng.TestRunner@11148dc2]]>
              </value>
            </param>
          </params>
          <reporter-output>
          </reporter-output>
        </test-method> <!-- setUpClass -->
        <test-method signature="runScenario(io.cucumber.testng.PickleWrapper,io.cucumber.testng.FeatureWrapper)[pri:0, instance:Runner.ExcelLoginRunner@889d9e8]" started-at="2025-11-24T18:39:57 IST" name="runScenario" description="Runs Cucumber Scenarios" data-provider="scenarios" finished-at="2025-11-24T18:40:09 IST" duration-ms="12746" status="PASS">
          <params>
            <param index="0">
              <value>
                <![CDATA["Login using Excel data"]]>
              </value>
            </param>
            <param index="1">
              <value>
                <![CDATA["Login with multiple Excel inputs"]]>
              </value>
            </param>
          </params>
          <reporter-output>
          </reporter-output>
        </test-method> <!-- runScenario -->
        <test-method is-config="true" signature="tearDownClass()[pri:0, instance:Runner.ExcelLoginRunner@889d9e8]" started-at="2025-11-24T18:40:09 IST" name="tearDownClass" finished-at="2025-11-24T18:40:10 IST" duration-ms="120" status="PASS">
          <reporter-output>
          </reporter-output>
        </test-method> <!-- tearDownClass -->
      </class> <!-- Runner.ExcelLoginRunner -->
    </test> <!-- Surefire test -->
  </suite> <!-- Surefire suite -->
</testng-results>
