<?xml version="1.0" encoding="UTF-8"?>
<testng-results ignored="0" total="3" passed="3" failed="0" skipped="0">
  <reporter-output>
  </reporter-output>
  <suite started-at="2025-11-23T16:54:43 IST" name="Default suite" finished-at="2025-11-23T16:56:10 IST" duration-ms="86674">
    <groups>
      <group name="cucumber">
        <method signature="AbstractTestNGCucumberTests.runScenario(io.cucumber.testng.PickleWrapper,io.cucumber.testng.FeatureWrapper)[pri:0, instance:Runner.OrderConfirmationRunner@61710c6]" name="runScenario" class="io.cucumber.testng.AbstractTestNGCucumberTests"/>
      </group> <!-- cucumber -->
    </groups>
    <test started-at="2025-11-23T16:54:43 IST" name="Default test" finished-at="2025-11-23T16:56:10 IST" duration-ms="86674">
      <class name="Runner.OrderConfirmationRunner">
        <test-method is-config="true" signature="setUpClass(org.testng.ITestContext)[pri:0, instance:Runner.OrderConfirmationRunner@61710c6]" started-at="2025-11-23T16:54:43 IST" name="setUpClass" finished-at="2025-11-23T16:54:44 IST" duration-ms="562" status="PASS">
          <params>
            <param index="0">
              <value>
                <![CDATA[org.testng.TestRunner@4a216eb4]]>
              </value>
            </param>
          </params>
          <reporter-output>
          </reporter-output>
        </test-method> <!-- setUpClass -->
        <test-method signature="runScenario(io.cucumber.testng.PickleWrapper,io.cucumber.testng.FeatureWrapper)[pri:0, instance:Runner.OrderConfirmationRunner@61710c6]" started-at="2025-11-23T16:54:44 IST" name="runScenario" description="Runs Cucumber Scenarios" data-provider="scenarios" finished-at="2025-11-23T16:55:41 IST" duration-ms="57961" status="PASS">
          <params>
            <param index="0">
              <value>
                <![CDATA["User completes full checkout process"]]>
              </value>
            </param>
            <param index="1">
              <value>
                <![CDATA["Complete Checkout Flow"]]>
              </value>
            </param>
          </params>
          <reporter-output>
          </reporter-output>
        </test-method> <!-- runScenario -->
        <test-method signature="runScenario(io.cucumber.testng.PickleWrapper,io.cucumber.testng.FeatureWrapper)[pri:0, instance:Runner.OrderConfirmationRunner@61710c6]" started-at="2025-11-23T16:55:41 IST" name="runScenario" description="Runs Cucumber Scenarios" data-provider="scenarios" finished-at="2025-11-23T16:55:57 IST" duration-ms="15707" status="PASS">
          <params>
            <param index="0">
              <value>
                <![CDATA["User sees order confirmation message"]]>
              </value>
            </param>
            <param index="1">
              <value>
                <![CDATA["Order Confirmation Page"]]>
              </value>
            </param>
          </params>
          <reporter-output>
          </reporter-output>
        </test-method> <!-- runScenario -->
        <test-method signature="runScenario(io.cucumber.testng.PickleWrapper,io.cucumber.testng.FeatureWrapper)[pri:0, instance:Runner.OrderConfirmationRunner@61710c6]" started-at="2025-11-23T16:55:57 IST" name="runScenario" description="Runs Cucumber Scenarios" data-provider="scenarios" finished-at="2025-11-23T16:56:09 IST" duration-ms="12189" status="PASS">
          <params>
            <param index="0">
              <value>
                <![CDATA["User navigates to order details page"]]>
              </value>
            </param>
            <param index="1">
              <value>
                <![CDATA["Order Confirmation Page"]]>
              </value>
            </param>
          </params>
          <reporter-output>
          </reporter-output>
        </test-method> <!-- runScenario -->
        <test-method is-config="true" signature="tearDownClass()[pri:0, instance:Runner.OrderConfirmationRunner@61710c6]" started-at="2025-11-23T16:56:09 IST" name="tearDownClass" finished-at="2025-11-23T16:56:10 IST" duration-ms="176" status="PASS">
          <reporter-output>
          </reporter-output>
        </test-method> <!-- tearDownClass -->
      </class> <!-- Runner.OrderConfirmationRunner -->
    </test> <!-- Default test -->
  </suite> <!-- Default suite -->
</testng-results>
