<?xml version="1.0" encoding="UTF-8"?>
<!-- Generated by org.testng.reporters.JUnitReportReporter -->
<testsuite hostname="Shruti" failures="0" tests="6" name="Runner.TestRunner" time="43.857" errors="0" timestamp="2025-11-21T00:21:52 IST" skipped="0">
  <testcase classname="Runner.TestRunner" name="runScenario" time="6.516"/>
  <testcase classname="Runner.TestRunner" name="runScenario" time="6.577"/>
  <testcase classname="Runner.TestRunner" name="runScenario" time="7.527"/>
  <testcase classname="Runner.TestRunner" name="runScenario" time="7.171"/>
  <testcase classname="Runner.TestRunner" name="runScenario" time="7.340"/>
  <testcase classname="Runner.TestRunner" name="runScenario" time="8.726"/>
</testsuite> <!-- Runner.TestRunner -->
