<?xml version="1.0" encoding="UTF-8"?>
<!-- Generated by org.testng.reporters.JUnitReportReporter -->
<testsuite hostname="Shruti" failures="0" tests="3" name="Runner.OrderConfirmationRunner" time="85.857" errors="0" timestamp="2025-11-23T16:56:10 IST" skipped="0">
  <testcase classname="Runner.OrderConfirmationRunner" name="runScenario" time="57.961"/>
  <testcase classname="Runner.OrderConfirmationRunner" name="runScenario" time="15.707"/>
  <testcase classname="Runner.OrderConfirmationRunner" name="runScenario" time="12.189"/>
</testsuite> <!-- Runner.OrderConfirmationRunner -->
