<?xml version="1.0" encoding="UTF-8"?>
<!-- Generated by org.testng.reporters.JUnitReportReporter -->
<testsuite hostname="Shruti" failures="0" tests="4" name="Runner.SearchPageRunner" time="80.107" errors="0" timestamp="2025-11-22T20:40:05 IST" skipped="0">
  <testcase classname="Runner.SearchPageRunner" name="runScenario" time="24.743"/>
  <testcase classname="Runner.SearchPageRunner" name="runScenario" time="31.070"/>
  <testcase classname="Runner.SearchPageRunner" name="runScenario" time="11.105"/>
  <testcase classname="Runner.SearchPageRunner" name="runScenario" time="13.189"/>
</testsuite> <!-- Runner.SearchPageRunner -->
